2025-05-26T10:40:32.811-04:00  INFO 20592 --- [NoBSSpringBoot] [main] c.e.demo.NoBsSpringBootApplication       : Starting NoBsSpringBootApplication using Java 17.0.10 with PID 20592 (C:\Users\alexa\OneDrive\Desktop\NoBS\demo\target\classes started by alexa in C:\Users\alexa\OneDrive\Desktop\NoBS)
2025-05-26T10:40:32.825-04:00  INFO 20592 --- [NoBSSpringBoot] [main] c.e.demo.NoBsSpringBootApplication       : No active profile set, falling back to 1 default profile: "default"
2025-05-26T10:40:33.857-04:00  INFO 20592 --- [NoBSSpringBoot] [main] .s.d.r.c.RepositoryConfigurationDelegate : Multiple Spring Data modules found, entering strict repository configuration mode
2025-05-26T10:40:33.867-04:00  INFO 20592 --- [NoBSSpringBoot] [main] .s.d.r.c.RepositoryConfigurationDelegate : Bootstrapping Spring Data JDBC repositories in DEFAULT mode.
2025-05-26T10:40:33.966-04:00  INFO 20592 --- [NoBSSpringBoot] [main] .RepositoryConfigurationExtensionSupport : Spring Data JDBC - Could not safely identify store assignment for repository candidate interface com.example.demo.CatFactEntity.CatFactRepository; If you want this repository to be a JDBC repository, consider annotating your entities with one of these annotations: org.springframework.data.relational.core.mapping.Table.
2025-05-26T10:40:33.967-04:00  INFO 20592 --- [NoBSSpringBoot] [main] .RepositoryConfigurationExtensionSupport : Spring Data JDBC - Could not safely identify store assignment for repository candidate interface com.example.demo.Customer.CustomerRepository; If you want this repository to be a JDBC repository, consider annotating your entities with one of these annotations: org.springframework.data.relational.core.mapping.Table.
2025-05-26T10:40:33.969-04:00  INFO 20592 --- [NoBSSpringBoot] [main] .RepositoryConfigurationExtensionSupport : Spring Data JDBC - Could not safely identify store assignment for repository candidate interface com.example.demo.Order.OrderRepository; If you want this repository to be a JDBC repository, consider annotating your entities with one of these annotations: org.springframework.data.relational.core.mapping.Table.
2025-05-26T10:40:33.971-04:00  INFO 20592 --- [NoBSSpringBoot] [main] .RepositoryConfigurationExtensionSupport : Spring Data JDBC - Could not safely identify store assignment for repository candidate interface com.example.demo.Product.ProductRepository; If you want this repository to be a JDBC repository, consider annotating your entities with one of these annotations: org.springframework.data.relational.core.mapping.Table.
2025-05-26T10:40:33.973-04:00  INFO 20592 --- [NoBSSpringBoot] [main] .s.d.r.c.RepositoryConfigurationDelegate : Finished Spring Data repository scanning in 58 ms. Found 0 JDBC repository interfaces.
2025-05-26T10:40:33.987-04:00  INFO 20592 --- [NoBSSpringBoot] [main] .s.d.r.c.RepositoryConfigurationDelegate : Multiple Spring Data modules found, entering strict repository configuration mode
2025-05-26T10:40:33.989-04:00  INFO 20592 --- [NoBSSpringBoot] [main] .s.d.r.c.RepositoryConfigurationDelegate : Bootstrapping Spring Data JPA repositories in DEFAULT mode.
2025-05-26T10:40:34.034-04:00  INFO 20592 --- [NoBSSpringBoot] [main] .s.d.r.c.RepositoryConfigurationDelegate : Finished Spring Data repository scanning in 39 ms. Found 4 JPA repository interfaces.
2025-05-26T10:40:34.869-04:00  INFO 20592 --- [NoBSSpringBoot] [main] o.s.b.w.embedded.tomcat.TomcatWebServer  : Tomcat initialized with port 8080 (http)
2025-05-26T10:40:34.889-04:00  INFO 20592 --- [NoBSSpringBoot] [main] o.apache.catalina.core.StandardService   : Starting service [Tomcat]
2025-05-26T10:40:34.889-04:00  INFO 20592 --- [NoBSSpringBoot] [main] o.apache.catalina.core.StandardEngine    : Starting Servlet engine: [Apache Tomcat/10.1.19]
2025-05-26T10:40:34.985-04:00  INFO 20592 --- [NoBSSpringBoot] [main] o.a.c.c.C.[Tomcat].[localhost].[/]       : Initializing Spring embedded WebApplicationContext
2025-05-26T10:40:34.986-04:00  INFO 20592 --- [NoBSSpringBoot] [main] w.s.c.ServletWebServerApplicationContext : Root WebApplicationContext: initialization completed in 2095 ms
2025-05-26T10:40:35.194-04:00  INFO 20592 --- [NoBSSpringBoot] [main] com.zaxxer.hikari.HikariDataSource       : HikariPool-1 - Starting...
2025-05-26T10:40:35.497-04:00  INFO 20592 --- [NoBSSpringBoot] [main] com.zaxxer.hikari.pool.HikariPool        : HikariPool-1 - Added connection com.mysql.cj.jdbc.ConnectionImpl@1ee5632d
2025-05-26T10:40:35.499-04:00  INFO 20592 --- [NoBSSpringBoot] [main] com.zaxxer.hikari.HikariDataSource       : HikariPool-1 - Start completed.
2025-05-26T10:40:35.543-04:00  INFO 20592 --- [NoBSSpringBoot] [main] o.hibernate.jpa.internal.util.LogHelper  : HHH000204: Processing PersistenceUnitInfo [name: default]
2025-05-26T10:40:35.603-04:00  INFO 20592 --- [NoBSSpringBoot] [main] org.hibernate.Version                    : HHH000412: Hibernate ORM core version 6.4.4.Final
2025-05-26T10:40:35.644-04:00  INFO 20592 --- [NoBSSpringBoot] [main] o.h.c.internal.RegionFactoryInitiator    : HHH000026: Second-level cache disabled
2025-05-26T10:40:35.973-04:00  INFO 20592 --- [NoBSSpringBoot] [main] o.s.o.j.p.SpringPersistenceUnitInfo      : No LoadTimeWeaver setup: ignoring JPA class transformer
2025-05-26T10:40:37.030-04:00  INFO 20592 --- [NoBSSpringBoot] [main] o.h.e.t.j.p.i.JtaPlatformInitiator       : HHH000489: No JTA platform available (set 'hibernate.transaction.jta.platform' to enable JTA platform integration)
2025-05-26T10:40:37.033-04:00  INFO 20592 --- [NoBSSpringBoot] [main] j.LocalContainerEntityManagerFactoryBean : Initialized JPA EntityManagerFactory for persistence unit 'default'
2025-05-26T10:40:37.524-04:00  INFO 20592 --- [NoBSSpringBoot] [main] o.s.d.j.r.query.QueryEnhancerFactory     : JSqlParser is in classpath; If applicable, JSqlParser will be used
2025-05-26T10:40:37.524-04:00  INFO 20592 --- [NoBSSpringBoot] [main] o.s.d.j.r.query.QueryEnhancerFactory     : Hibernate is in classpath; If applicable, HQL parser will be used.
2025-05-26T10:40:38.227-04:00  WARN 20592 --- [NoBSSpringBoot] [main] JpaBaseConfiguration$JpaWebConfiguration : spring.jpa.open-in-view is enabled by default. Therefore, database queries may be performed during view rendering. Explicitly configure spring.jpa.open-in-view to disable this warning
2025-05-26T10:40:38.770-04:00  WARN 20592 --- [NoBSSpringBoot] [main] .s.s.UserDetailsServiceAutoConfiguration : 

Using generated security password: 91534d62-78ad-4999-94f8-6b3d5bbf19df

This generated password is for development use only. Your security configuration must be updated before running your application in production.

2025-05-26T10:40:38.908-04:00  INFO 20592 --- [NoBSSpringBoot] [main] o.s.s.web.DefaultSecurityFilterChain     : Will secure any request with [org.springframework.security.web.session.DisableEncodeUrlFilter@216a3aba, org.springframework.security.web.context.request.async.WebAsyncManagerIntegrationFilter@9760f17, org.springframework.security.web.context.SecurityContextHolderFilter@51a7ee4e, org.springframework.security.web.header.HeaderWriterFilter@62ee32c6, org.springframework.web.filter.CorsFilter@13cfa1ec, org.springframework.security.web.csrf.CsrfFilter@5e9355a6, org.springframework.security.web.authentication.logout.LogoutFilter@15cba6dc, org.springframework.security.web.authentication.UsernamePasswordAuthenticationFilter@1b3639a1, org.springframework.security.web.authentication.ui.DefaultLoginPageGeneratingFilter@260d878a, org.springframework.security.web.authentication.ui.DefaultLogoutPageGeneratingFilter@52688730, org.springframework.security.web.authentication.www.BasicAuthenticationFilter@495c3d15, org.springframework.security.web.savedrequest.RequestCacheAwareFilter@7bb3cbb4, org.springframework.security.web.servletapi.SecurityContextHolderAwareRequestFilter@3fcc58f8, org.springframework.security.web.authentication.AnonymousAuthenticationFilter@2227c82d, org.springframework.security.web.access.ExceptionTranslationFilter@2b35dde3, org.springframework.security.web.access.intercept.AuthorizationFilter@1377af49]
2025-05-26T10:40:38.990-04:00  INFO 20592 --- [NoBSSpringBoot] [main] o.s.b.w.embedded.tomcat.TomcatWebServer  : Tomcat started on port 8080 (http) with context path ''
2025-05-26T10:40:39.010-04:00  INFO 20592 --- [NoBSSpringBoot] [main] c.e.demo.NoBsSpringBootApplication       : Started NoBsSpringBootApplication in 6.829 seconds (process running for 7.526)
2025-05-26T10:41:07.342-04:00  INFO 20592 --- [NoBSSpringBoot] [http-nio-8080-exec-2] o.a.c.c.C.[Tomcat].[localhost].[/]       : Initializing Spring DispatcherServlet 'dispatcherServlet'
2025-05-26T10:41:07.343-04:00  INFO 20592 --- [NoBSSpringBoot] [http-nio-8080-exec-2] o.s.web.servlet.DispatcherServlet        : Initializing Servlet 'dispatcherServlet'
2025-05-26T10:41:07.344-04:00  INFO 20592 --- [NoBSSpringBoot] [http-nio-8080-exec-2] o.s.web.servlet.DispatcherServlet        : Completed initialization in 1 ms
2025-05-26T12:56:29.015-04:00  INFO 20592 --- [NoBSSpringBoot] [SpringApplicationShutdownHook] j.LocalContainerEntityManagerFactoryBean : Closing JPA EntityManagerFactory for persistence unit 'default'
2025-05-26T12:56:29.034-04:00  INFO 20592 --- [NoBSSpringBoot] [SpringApplicationShutdownHook] com.zaxxer.hikari.HikariDataSource       : HikariPool-1 - Shutdown initiated...
2025-05-26T12:56:29.042-04:00  INFO 20592 --- [NoBSSpringBoot] [SpringApplicationShutdownHook] com.zaxxer.hikari.HikariDataSource       : HikariPool-1 - Shutdown completed.
